<?xml version="1.0" encoding="UTF-8"?>
<coverage generated="1570648225576" clover="3.2.0">
  <project timestamp="1570648225576" name="All files">
    <metrics statements="125" coveredstatements="81" conditionals="93" coveredconditionals="56" methods="53" coveredmethods="35" elements="271" coveredelements="172" complexity="0" loc="125" ncloc="125" packages="2" files="7" classes="7"/>
    <package name="src">
      <metrics statements="100" coveredstatements="57" conditionals="76" coveredconditionals="40" methods="37" coveredmethods="20"/>
      <file name="Node.js" path="/home/ieromanov/projects/tree/src/Node.js">
        <metrics statements="33" coveredstatements="20" conditionals="31" coveredconditionals="16" methods="13" coveredmethods="6"/>
        <line num="13" count="22" type="cond" truecount="3" falsecount="1"/>
        <line num="14" count="22" type="stmt"/>
        <line num="15" count="22" type="stmt"/>
        <line num="16" count="22" type="cond" truecount="2" falsecount="0"/>
        <line num="17" count="22" type="cond" truecount="2" falsecount="0"/>
        <line num="18" count="22" type="stmt"/>
        <line num="20" count="22" type="stmt"/>
        <line num="22" count="22" type="stmt"/>
        <line num="23" count="22" type="stmt"/>
        <line num="24" count="22" type="stmt"/>
        <line num="28" count="36" type="stmt"/>
        <line num="31" count="0" type="cond" truecount="0" falsecount="3"/>
        <line num="34" count="0" type="stmt"/>
        <line num="37" count="0" type="stmt"/>
        <line num="41" count="0" type="stmt"/>
        <line num="42" count="0" type="stmt"/>
        <line num="43" count="0" type="cond" truecount="0" falsecount="2"/>
        <line num="44" count="0" type="stmt"/>
        <line num="47" count="0" type="stmt"/>
        <line num="51" count="0" type="cond" truecount="0" falsecount="2"/>
        <line num="52" count="0" type="cond" truecount="0" falsecount="2"/>
        <line num="53" count="0" type="stmt"/>
        <line num="58" count="22" type="cond" truecount="2" falsecount="0"/>
        <line num="59" count="13" type="stmt"/>
        <line num="60" count="25" type="cond" truecount="2" falsecount="0"/>
        <line num="61" count="16" type="stmt"/>
        <line num="65" count="9" type="stmt"/>
        <line num="71" count="15" type="cond" truecount="2" falsecount="2"/>
        <line num="75" count="15" type="stmt"/>
        <line num="79" count="1" type="cond" truecount="1" falsecount="1"/>
        <line num="80" count="1" type="stmt"/>
        <line num="82" count="0" type="stmt"/>
        <line num="88" count="0" type="cond" truecount="0" falsecount="2"/>
      </file>
      <file name="Queue.js" path="/home/ieromanov/projects/tree/src/Queue.js">
        <metrics statements="3" coveredstatements="0" conditionals="2" coveredconditionals="0" methods="3" coveredmethods="0"/>
        <line num="4" count="0" type="stmt"/>
        <line num="7" count="0" type="stmt"/>
        <line num="10" count="0" type="cond" truecount="0" falsecount="2"/>
      </file>
      <file name="Tree.js" path="/home/ieromanov/projects/tree/src/Tree.js">
        <metrics statements="63" coveredstatements="36" conditionals="43" coveredconditionals="24" methods="21" coveredmethods="14"/>
        <line num="5" count="1" type="stmt"/>
        <line num="14" count="8" type="cond" truecount="2" falsecount="0"/>
        <line num="15" count="8" type="stmt"/>
        <line num="17" count="8" type="cond" truecount="2" falsecount="0"/>
        <line num="18" count="8" type="cond" truecount="2" falsecount="0"/>
        <line num="22" count="11" type="stmt"/>
        <line num="26" count="1" type="stmt"/>
        <line num="30" count="0" type="stmt"/>
        <line num="40" count="2" type="stmt"/>
        <line num="41" count="9" type="cond" truecount="1" falsecount="1"/>
        <line num="43" count="9" type="cond" truecount="1" falsecount="1"/>
        <line num="44" count="9" type="stmt"/>
        <line num="45" count="7" type="stmt"/>
        <line num="49" count="9" type="cond" truecount="2" falsecount="0"/>
        <line num="51" count="2" type="stmt"/>
        <line num="61" count="0" type="stmt"/>
        <line num="63" count="0" type="stmt"/>
        <line num="64" count="0" type="stmt"/>
        <line num="66" count="0" type="cond" truecount="0" falsecount="2"/>
        <line num="67" count="0" type="cond" truecount="0" falsecount="2"/>
        <line num="68" count="0" type="stmt"/>
        <line num="69" count="0" type="stmt"/>
        <line num="73" count="0" type="stmt"/>
        <line num="82" count="2" type="cond" truecount="1" falsecount="2"/>
        <line num="84" count="0" type="stmt"/>
        <line num="86" count="2" type="stmt"/>
        <line num="88" count="0" type="stmt"/>
        <line num="89" count="0" type="stmt"/>
        <line num="100" count="2" type="stmt"/>
        <line num="109" count="19" type="cond" truecount="2" falsecount="0"/>
        <line num="110" count="13" type="stmt"/>
        <line num="111" count="13" type="stmt"/>
        <line num="122" count="2" type="cond" truecount="1" falsecount="1"/>
        <line num="124" count="2" type="cond" truecount="1" falsecount="1"/>
        <line num="125" count="0" type="cond" truecount="0" falsecount="2"/>
        <line num="126" count="0" type="stmt"/>
        <line num="127" count="0" type="stmt"/>
        <line num="128" count="0" type="stmt"/>
        <line num="130" count="2" type="stmt"/>
        <line num="131" count="2" type="stmt"/>
        <line num="132" count="2" type="stmt"/>
        <line num="141" count="1" type="cond" truecount="1" falsecount="1"/>
        <line num="142" count="1" type="stmt"/>
        <line num="144" count="0" type="stmt"/>
        <line num="149" count="0" type="cond" truecount="0" falsecount="1"/>
        <line num="150" count="0" type="stmt"/>
        <line num="151" count="0" type="stmt"/>
        <line num="152" count="0" type="cond" truecount="0" falsecount="2"/>
        <line num="153" count="0" type="stmt"/>
        <line num="155" count="0" type="cond" truecount="0" falsecount="2"/>
        <line num="156" count="0" type="stmt"/>
        <line num="159" count="0" type="stmt"/>
        <line num="161" count="0" type="stmt"/>
        <line num="165" count="0" type="stmt"/>
        <line num="176" count="2" type="stmt"/>
        <line num="177" count="2" type="stmt"/>
        <line num="178" count="9" type="cond" truecount="2" falsecount="0"/>
        <line num="179" count="3" type="stmt"/>
        <line num="180" count="3" type="stmt"/>
        <line num="182" count="6" type="stmt"/>
        <line num="184" count="2" type="cond" truecount="1" falsecount="1"/>
        <line num="185" count="2" type="stmt"/>
        <line num="193" count="1" type="cond" truecount="2" falsecount="0"/>
      </file>
      <file name="index.js" path="/home/ieromanov/projects/tree/src/index.js">
        <metrics statements="1" coveredstatements="1" conditionals="0" coveredconditionals="0" methods="0" coveredmethods="0"/>
        <line num="3" count="1" type="stmt"/>
      </file>
    </package>
    <package name="src.helpers">
      <metrics statements="25" coveredstatements="24" conditionals="17" coveredconditionals="16" methods="16" coveredmethods="15"/>
      <file name="UUID.js" path="/home/ieromanov/projects/tree/src/helpers/UUID.js">
        <metrics statements="14" coveredstatements="13" conditionals="4" coveredconditionals="3" methods="5" coveredmethods="5"/>
        <line num="3" count="3" type="stmt"/>
        <line num="5" count="3" type="stmt"/>
        <line num="6" count="3" type="stmt"/>
        <line num="12" count="31" type="stmt"/>
        <line num="13" count="31" type="stmt"/>
        <line num="16" count="31" type="stmt"/>
        <line num="20" count="31" type="cond" truecount="1" falsecount="1"/>
        <line num="21" count="0" type="stmt"/>
        <line num="23" count="31" type="stmt"/>
        <line num="24" count="31" type="stmt"/>
        <line num="29" count="31" type="stmt"/>
        <line num="30" count="961" type="stmt"/>
        <line num="31" count="961" type="cond" truecount="2" falsecount="0"/>
        <line num="32" count="961" type="stmt"/>
      </file>
      <file name="checkTypes.js" path="/home/ieromanov/projects/tree/src/helpers/checkTypes.js">
        <metrics statements="11" coveredstatements="11" conditionals="13" coveredconditionals="13" methods="11" coveredmethods="10"/>
        <line num="1" count="10" type="cond" truecount="2" falsecount="0"/>
        <line num="3" count="10" type="cond" truecount="2" falsecount="0"/>
        <line num="5" count="27" type="cond" truecount="3" falsecount="0"/>
        <line num="7" count="34" type="cond" truecount="3" falsecount="0"/>
        <line num="9" count="11" type="stmt"/>
        <line num="11" count="10" type="stmt"/>
        <line num="13" count="10" type="stmt"/>
        <line num="15" count="11" type="stmt"/>
        <line num="17" count="10" type="cond" truecount="3" falsecount="0"/>
        <line num="19" count="10" type="stmt"/>
        <line num="21" count="3" type="stmt"/>
      </file>
      <file name="index.js" path="/home/ieromanov/projects/tree/src/helpers/index.js">
        <metrics statements="0" coveredstatements="0" conditionals="0" coveredconditionals="0" methods="0" coveredmethods="0"/>
      </file>
    </package>
  </project>
</coverage>
