{"/home/ieromanov/projects/tree/src/Node.js": {"path":"/home/ieromanov/projects/tree/src/Node.js","statementMap":{"0":{"start":{"line":13,"column":2},"end":{"line":13,"column":97}},"1":{"start":{"line":13,"column":43},"end":{"line":13,"column":97}},"2":{"start":{"line":14,"column":2},"end":{"line":14,"column":16}},"3":{"start":{"line":15,"column":2},"end":{"line":15,"column":24}},"4":{"start":{"line":16,"column":2},"end":{"line":16,"column":32}},"5":{"start":{"line":17,"column":2},"end":{"line":17,"column":69}},"6":{"start":{"line":18,"column":2},"end":{"line":18,"column":22}},"7":{"start":{"line":20,"column":2},"end":{"line":20,"column":22}},"8":{"start":{"line":22,"column":2},"end":{"line":22,"column":34}},"9":{"start":{"line":23,"column":2},"end":{"line":23,"column":40}},"10":{"start":{"line":24,"column":2},"end":{"line":24,"column":42}},"11":{"start":{"line":28,"column":2},"end":{"line":28,"column":24}},"12":{"start":{"line":31,"column":2},"end":{"line":31,"column":84}},"13":{"start":{"line":34,"column":2},"end":{"line":34,"column":31}},"14":{"start":{"line":37,"column":2},"end":{"line":37,"column":34}},"15":{"start":{"line":41,"column":12},"end":{"line":41,"column":14}},"16":{"start":{"line":42,"column":2},"end":{"line":46,"column":3}},"17":{"start":{"line":43,"column":3},"end":{"line":45,"column":4}},"18":{"start":{"line":44,"column":4},"end":{"line":44,"column":34}},"19":{"start":{"line":47,"column":2},"end":{"line":47,"column":12}},"20":{"start":{"line":51,"column":2},"end":{"line":51,"column":76}},"21":{"start":{"line":51,"column":33},"end":{"line":51,"column":76}},"22":{"start":{"line":52,"column":2},"end":{"line":52,"column":105}},"23":{"start":{"line":52,"column":30},"end":{"line":52,"column":105}},"24":{"start":{"line":53,"column":2},"end":{"line":53,"column":24}},"25":{"start":{"line":58,"column":2},"end":{"line":66,"column":3}},"26":{"start":{"line":59,"column":3},"end":{"line":63,"column":4}},"27":{"start":{"line":60,"column":4},"end":{"line":62,"column":5}},"28":{"start":{"line":61,"column":5},"end":{"line":61,"column":36}},"29":{"start":{"line":65,"column":3},"end":{"line":65,"column":19}},"30":{"start":{"line":71,"column":2},"end":{"line":73,"column":55}},"31":{"start":{"line":75,"column":2},"end":{"line":75,"column":13}},"32":{"start":{"line":79,"column":2},"end":{"line":83,"column":3}},"33":{"start":{"line":80,"column":3},"end":{"line":80,"column":94}},"34":{"start":{"line":80,"column":70},"end":{"line":80,"column":93}},"35":{"start":{"line":82,"column":3},"end":{"line":82,"column":46}},"36":{"start":{"line":88,"column":2},"end":{"line":88,"column":88}},"37":{"start":{"line":88,"column":63},"end":{"line":88,"column":87}}},"fnMap":{"0":{"name":"(anonymous_0)","decl":{"start":{"line":12,"column":1},"end":{"line":12,"column":2}},"loc":{"start":{"line":12,"column":39},"end":{"line":25,"column":2}},"line":12},"1":{"name":"(anonymous_1)","decl":{"start":{"line":27,"column":1},"end":{"line":27,"column":2}},"loc":{"start":{"line":27,"column":17},"end":{"line":29,"column":2}},"line":27},"2":{"name":"(anonymous_2)","decl":{"start":{"line":30,"column":1},"end":{"line":30,"column":2}},"loc":{"start":{"line":30,"column":16},"end":{"line":32,"column":2}},"line":30},"3":{"name":"(anonymous_3)","decl":{"start":{"line":33,"column":1},"end":{"line":33,"column":2}},"loc":{"start":{"line":33,"column":14},"end":{"line":35,"column":2}},"line":33},"4":{"name":"(anonymous_4)","decl":{"start":{"line":36,"column":1},"end":{"line":36,"column":2}},"loc":{"start":{"line":36,"column":13},"end":{"line":38,"column":2}},"line":36},"5":{"name":"(anonymous_5)","decl":{"start":{"line":40,"column":1},"end":{"line":40,"column":2}},"loc":{"start":{"line":40,"column":16},"end":{"line":48,"column":2}},"line":40},"6":{"name":"(anonymous_6)","decl":{"start":{"line":50,"column":1},"end":{"line":50,"column":2}},"loc":{"start":{"line":50,"column":20},"end":{"line":54,"column":2}},"line":50},"7":{"name":"(anonymous_7)","decl":{"start":{"line":57,"column":1},"end":{"line":57,"column":2}},"loc":{"start":{"line":57,"column":17},"end":{"line":67,"column":2}},"line":57},"8":{"name":"(anonymous_8)","decl":{"start":{"line":70,"column":1},"end":{"line":70,"column":2}},"loc":{"start":{"line":70,"column":12},"end":{"line":76,"column":2}},"line":70},"9":{"name":"(anonymous_9)","decl":{"start":{"line":78,"column":1},"end":{"line":78,"column":2}},"loc":{"start":{"line":78,"column":11},"end":{"line":84,"column":2}},"line":78},"10":{"name":"(anonymous_10)","decl":{"start":{"line":80,"column":62},"end":{"line":80,"column":63}},"loc":{"start":{"line":80,"column":70},"end":{"line":80,"column":93}},"line":80},"11":{"name":"(anonymous_11)","decl":{"start":{"line":87,"column":1},"end":{"line":87,"column":2}},"loc":{"start":{"line":87,"column":16},"end":{"line":89,"column":2}},"line":87},"12":{"name":"(anonymous_12)","decl":{"start":{"line":88,"column":54},"end":{"line":88,"column":55}},"loc":{"start":{"line":88,"column":63},"end":{"line":88,"column":87}},"line":88}},"branchMap":{"0":{"loc":{"start":{"line":13,"column":2},"end":{"line":13,"column":97}},"type":"if","locations":[{"start":{"line":13,"column":2},"end":{"line":13,"column":97}},{"start":{"line":13,"column":2},"end":{"line":13,"column":97}}],"line":13},"1":{"loc":{"start":{"line":13,"column":6},"end":{"line":13,"column":41}},"type":"binary-expr","locations":[{"start":{"line":13,"column":6},"end":{"line":13,"column":12}},{"start":{"line":13,"column":16},"end":{"line":13,"column":41}}],"line":13},"2":{"loc":{"start":{"line":16,"column":18},"end":{"line":16,"column":32}},"type":"binary-expr","locations":[{"start":{"line":16,"column":18},"end":{"line":16,"column":24}},{"start":{"line":16,"column":28},"end":{"line":16,"column":32}}],"line":16},"3":{"loc":{"start":{"line":17,"column":19},"end":{"line":17,"column":69}},"type":"cond-expr","locations":[{"start":{"line":17,"column":28},"end":{"line":17,"column":64}},{"start":{"line":17,"column":67},"end":{"line":17,"column":69}}],"line":17},"4":{"loc":{"start":{"line":31,"column":10},"end":{"line":31,"column":83}},"type":"binary-expr","locations":[{"start":{"line":31,"column":10},"end":{"line":31,"column":25}},{"start":{"line":31,"column":29},"end":{"line":31,"column":53}},{"start":{"line":31,"column":57},"end":{"line":31,"column":83}}],"line":31},"5":{"loc":{"start":{"line":43,"column":3},"end":{"line":45,"column":4}},"type":"if","locations":[{"start":{"line":43,"column":3},"end":{"line":45,"column":4}},{"start":{"line":43,"column":3},"end":{"line":45,"column":4}}],"line":43},"6":{"loc":{"start":{"line":51,"column":2},"end":{"line":51,"column":76}},"type":"if","locations":[{"start":{"line":51,"column":2},"end":{"line":51,"column":76}},{"start":{"line":51,"column":2},"end":{"line":51,"column":76}}],"line":51},"7":{"loc":{"start":{"line":52,"column":2},"end":{"line":52,"column":105}},"type":"if","locations":[{"start":{"line":52,"column":2},"end":{"line":52,"column":105}},{"start":{"line":52,"column":2},"end":{"line":52,"column":105}}],"line":52},"8":{"loc":{"start":{"line":58,"column":2},"end":{"line":66,"column":3}},"type":"if","locations":[{"start":{"line":58,"column":2},"end":{"line":66,"column":3}},{"start":{"line":58,"column":2},"end":{"line":66,"column":3}}],"line":58},"9":{"loc":{"start":{"line":60,"column":4},"end":{"line":62,"column":5}},"type":"if","locations":[{"start":{"line":60,"column":4},"end":{"line":62,"column":5}},{"start":{"line":60,"column":4},"end":{"line":62,"column":5}}],"line":60},"10":{"loc":{"start":{"line":71,"column":2},"end":{"line":73,"column":55}},"type":"cond-expr","locations":[{"start":{"line":72,"column":5},"end":{"line":72,"column":34}},{"start":{"line":73,"column":5},"end":{"line":73,"column":55}}],"line":71},"11":{"loc":{"start":{"line":71,"column":3},"end":{"line":71,"column":43}},"type":"binary-expr","locations":[{"start":{"line":71,"column":3},"end":{"line":71,"column":16}},{"start":{"line":71,"column":20},"end":{"line":71,"column":43}}],"line":71},"12":{"loc":{"start":{"line":73,"column":5},"end":{"line":73,"column":55}},"type":"binary-expr","locations":[{"start":{"line":73,"column":5},"end":{"line":73,"column":25}},{"start":{"line":73,"column":29},"end":{"line":73,"column":55}}],"line":73},"13":{"loc":{"start":{"line":79,"column":2},"end":{"line":83,"column":3}},"type":"if","locations":[{"start":{"line":79,"column":2},"end":{"line":83,"column":3}},{"start":{"line":79,"column":2},"end":{"line":83,"column":3}}],"line":79},"14":{"loc":{"start":{"line":88,"column":9},"end":{"line":88,"column":88}},"type":"binary-expr","locations":[{"start":{"line":88,"column":9},"end":{"line":88,"column":29}},{"start":{"line":88,"column":33},"end":{"line":88,"column":88}}],"line":88}},"s":{"0":22,"1":0,"2":22,"3":22,"4":22,"5":22,"6":22,"7":22,"8":22,"9":22,"10":22,"11":36,"12":0,"13":0,"14":0,"15":0,"16":0,"17":0,"18":0,"19":0,"20":0,"21":0,"22":0,"23":0,"24":0,"25":22,"26":13,"27":25,"28":16,"29":9,"30":15,"31":15,"32":1,"33":1,"34":1,"35":0,"36":0,"37":0},"f":{"0":22,"1":36,"2":0,"3":0,"4":0,"5":0,"6":0,"7":22,"8":15,"9":1,"10":1,"11":0,"12":0},"b":{"0":[0,22],"1":[22,15],"2":[22,7],"3":[15,7],"4":[0,0,0],"5":[0,0],"6":[0,0],"7":[0,0],"8":[13,9],"9":[16,9],"10":[0,15],"11":[15,0],"12":[15,15],"13":[1,0],"14":[0,0]},"_coverageSchema":"43e27e138ebf9cfc5966b082cf9a028302ed4184","hash":"d3910530750c8e53318cf5d58885fb74eea63f71"}
,"/home/ieromanov/projects/tree/src/Queue.js": {"path":"/home/ieromanov/projects/tree/src/Queue.js","statementMap":{"0":{"start":{"line":4,"column":2},"end":{"line":4,"column":17}},"1":{"start":{"line":7,"column":2},"end":{"line":7,"column":26}},"2":{"start":{"line":10,"column":2},"end":{"line":10,"column":56}}},"fnMap":{"0":{"name":"(anonymous_0)","decl":{"start":{"line":3,"column":1},"end":{"line":3,"column":2}},"loc":{"start":{"line":3,"column":15},"end":{"line":5,"column":2}},"line":3},"1":{"name":"(anonymous_1)","decl":{"start":{"line":6,"column":1},"end":{"line":6,"column":2}},"loc":{"start":{"line":6,"column":18},"end":{"line":8,"column":2}},"line":6},"2":{"name":"(anonymous_2)","decl":{"start":{"line":9,"column":1},"end":{"line":9,"column":2}},"loc":{"start":{"line":9,"column":18},"end":{"line":11,"column":2}},"line":9}},"branchMap":{"0":{"loc":{"start":{"line":10,"column":9},"end":{"line":10,"column":56}},"type":"cond-expr","locations":[{"start":{"line":10,"column":19},"end":{"line":10,"column":35}},{"start":{"line":10,"column":38},"end":{"line":10,"column":56}}],"line":10}},"s":{"0":0,"1":0,"2":0},"f":{"0":0,"1":0,"2":0},"b":{"0":[0,0]},"_coverageSchema":"43e27e138ebf9cfc5966b082cf9a028302ed4184","hash":"fcbe54b959637bab2cdc792907a1de18cf04f3d0"}
,"/home/ieromanov/projects/tree/src/Tree.js": {"path":"/home/ieromanov/projects/tree/src/Tree.js","statementMap":{"0":{"start":{"line":5,"column":13},"end":{"line":5,"column":23}},"1":{"start":{"line":14,"column":2},"end":{"line":14,"column":53}},"2":{"start":{"line":15,"column":2},"end":{"line":15,"column":40}},"3":{"start":{"line":17,"column":2},"end":{"line":17,"column":83}},"4":{"start":{"line":18,"column":2},"end":{"line":18,"column":40}},"5":{"start":{"line":22,"column":2},"end":{"line":22,"column":20}},"6":{"start":{"line":26,"column":2},"end":{"line":26,"column":69}},"7":{"start":{"line":30,"column":2},"end":{"line":30,"column":22}},"8":{"start":{"line":40,"column":20},"end":{"line":50,"column":3}},"9":{"start":{"line":41,"column":3},"end":{"line":41,"column":31}},"10":{"start":{"line":43,"column":3},"end":{"line":47,"column":4}},"11":{"start":{"line":44,"column":4},"end":{"line":46,"column":5}},"12":{"start":{"line":44,"column":17},"end":{"line":44,"column":18}},"13":{"start":{"line":44,"column":29},"end":{"line":44,"column":56}},"14":{"start":{"line":45,"column":5},"end":{"line":45,"column":40}},"15":{"start":{"line":49,"column":3},"end":{"line":49,"column":33}},"16":{"start":{"line":51,"column":2},"end":{"line":51,"column":17}},"17":{"start":{"line":61,"column":16},"end":{"line":61,"column":27}},"18":{"start":{"line":63,"column":2},"end":{"line":63,"column":22}},"19":{"start":{"line":64,"column":20},"end":{"line":64,"column":35}},"20":{"start":{"line":66,"column":2},"end":{"line":74,"column":3}},"21":{"start":{"line":67,"column":3},"end":{"line":71,"column":4}},"22":{"start":{"line":68,"column":4},"end":{"line":70,"column":5}},"23":{"start":{"line":68,"column":17},"end":{"line":68,"column":18}},"24":{"start":{"line":68,"column":29},"end":{"line":68,"column":56}},"25":{"start":{"line":69,"column":5},"end":{"line":69,"column":44}},"26":{"start":{"line":73,"column":3},"end":{"line":73,"column":40}},"27":{"start":{"line":82,"column":2},"end":{"line":90,"column":3}},"28":{"start":{"line":84,"column":4},"end":{"line":84,"column":30}},"29":{"start":{"line":86,"column":4},"end":{"line":86,"column":28}},"30":{"start":{"line":88,"column":4},"end":{"line":88,"column":48}},"31":{"start":{"line":89,"column":4},"end":{"line":89,"column":15}},"32":{"start":{"line":100,"column":2},"end":{"line":100,"column":66}},"33":{"start":{"line":109,"column":2},"end":{"line":112,"column":4}},"34":{"start":{"line":110,"column":21},"end":{"line":110,"column":96}},"35":{"start":{"line":111,"column":3},"end":{"line":111,"column":32}},"36":{"start":{"line":122,"column":2},"end":{"line":122,"column":74}},"37":{"start":{"line":122,"column":15},"end":{"line":122,"column":74}},"38":{"start":{"line":124,"column":2},"end":{"line":133,"column":3}},"39":{"start":{"line":125,"column":3},"end":{"line":125,"column":105}},"40":{"start":{"line":125,"column":23},"end":{"line":125,"column":105}},"41":{"start":{"line":126,"column":20},"end":{"line":126,"column":109}},"42":{"start":{"line":126,"column":43},"end":{"line":126,"column":108}},"43":{"start":{"line":127,"column":3},"end":{"line":127,"column":25}},"44":{"start":{"line":128,"column":3},"end":{"line":128,"column":18}},"45":{"start":{"line":130,"column":17},"end":{"line":130,"column":78}},"46":{"start":{"line":131,"column":3},"end":{"line":131,"column":22}},"47":{"start":{"line":132,"column":3},"end":{"line":132,"column":15}},"48":{"start":{"line":141,"column":2},"end":{"line":145,"column":3}},"49":{"start":{"line":142,"column":3},"end":{"line":142,"column":25}},"50":{"start":{"line":144,"column":3},"end":{"line":144,"column":45}},"51":{"start":{"line":149,"column":17},"end":{"line":163,"column":3}},"52":{"start":{"line":150,"column":3},"end":{"line":162,"column":4}},"53":{"start":{"line":151,"column":4},"end":{"line":158,"column":7}},"54":{"start":{"line":152,"column":5},"end":{"line":154,"column":6}},"55":{"start":{"line":153,"column":6},"end":{"line":153,"column":29}},"56":{"start":{"line":155,"column":5},"end":{"line":157,"column":7}},"57":{"start":{"line":156,"column":6},"end":{"line":156,"column":30}},"58":{"start":{"line":159,"column":4},"end":{"line":159,"column":17}},"59":{"start":{"line":161,"column":4},"end":{"line":161,"column":24}},"60":{"start":{"line":165,"column":2},"end":{"line":165,"column":33}},"61":{"start":{"line":176,"column":21},"end":{"line":176,"column":23}},"62":{"start":{"line":177,"column":15},"end":{"line":183,"column":3}},"63":{"start":{"line":178,"column":3},"end":{"line":181,"column":4}},"64":{"start":{"line":179,"column":4},"end":{"line":179,"column":27}},"65":{"start":{"line":180,"column":4},"end":{"line":180,"column":21}},"66":{"start":{"line":182,"column":3},"end":{"line":182,"column":14}},"67":{"start":{"line":184,"column":2},"end":{"line":184,"column":66}},"68":{"start":{"line":185,"column":2},"end":{"line":185,"column":21}},"69":{"start":{"line":193,"column":2},"end":{"line":193,"column":64}}},"fnMap":{"0":{"name":"(anonymous_0)","decl":{"start":{"line":13,"column":1},"end":{"line":13,"column":2}},"loc":{"start":{"line":13,"column":34},"end":{"line":19,"column":2}},"line":13},"1":{"name":"(anonymous_1)","decl":{"start":{"line":21,"column":1},"end":{"line":21,"column":2}},"loc":{"start":{"line":21,"column":12},"end":{"line":23,"column":2}},"line":21},"2":{"name":"(anonymous_2)","decl":{"start":{"line":25,"column":1},"end":{"line":25,"column":2}},"loc":{"start":{"line":25,"column":16},"end":{"line":27,"column":2}},"line":25},"3":{"name":"(anonymous_3)","decl":{"start":{"line":29,"column":1},"end":{"line":29,"column":2}},"loc":{"start":{"line":29,"column":14},"end":{"line":31,"column":2}},"line":29},"4":{"name":"(anonymous_4)","decl":{"start":{"line":39,"column":1},"end":{"line":39,"column":2}},"loc":{"start":{"line":39,"column":35},"end":{"line":52,"column":2}},"line":39},"5":{"name":"(anonymous_5)","decl":{"start":{"line":40,"column":20},"end":{"line":40,"column":21}},"loc":{"start":{"line":40,"column":35},"end":{"line":50,"column":3}},"line":40},"6":{"name":"(anonymous_6)","decl":{"start":{"line":60,"column":1},"end":{"line":60,"column":2}},"loc":{"start":{"line":60,"column":37},"end":{"line":75,"column":2}},"line":60},"7":{"name":"(anonymous_7)","decl":{"start":{"line":81,"column":1},"end":{"line":81,"column":2}},"loc":{"start":{"line":81,"column":34},"end":{"line":91,"column":2}},"line":81},"8":{"name":"(anonymous_8)","decl":{"start":{"line":99,"column":1},"end":{"line":99,"column":2}},"loc":{"start":{"line":99,"column":40},"end":{"line":101,"column":2}},"line":99},"9":{"name":"(anonymous_9)","decl":{"start":{"line":108,"column":1},"end":{"line":108,"column":2}},"loc":{"start":{"line":108,"column":22},"end":{"line":113,"column":2}},"line":108},"10":{"name":"(anonymous_10)","decl":{"start":{"line":109,"column":41},"end":{"line":109,"column":42}},"loc":{"start":{"line":109,"column":50},"end":{"line":112,"column":3}},"line":109},"11":{"name":"(anonymous_11)","decl":{"start":{"line":121,"column":1},"end":{"line":121,"column":2}},"loc":{"start":{"line":121,"column":40},"end":{"line":134,"column":2}},"line":121},"12":{"name":"(anonymous_12)","decl":{"start":{"line":126,"column":29},"end":{"line":126,"column":30}},"loc":{"start":{"line":126,"column":43},"end":{"line":126,"column":108}},"line":126},"13":{"name":"(anonymous_13)","decl":{"start":{"line":140,"column":1},"end":{"line":140,"column":2}},"loc":{"start":{"line":140,"column":22},"end":{"line":146,"column":2}},"line":140},"14":{"name":"(anonymous_14)","decl":{"start":{"line":148,"column":1},"end":{"line":148,"column":2}},"loc":{"start":{"line":148,"column":22},"end":{"line":166,"column":2}},"line":148},"15":{"name":"(anonymous_15)","decl":{"start":{"line":149,"column":17},"end":{"line":149,"column":18}},"loc":{"start":{"line":149,"column":45},"end":{"line":163,"column":3}},"line":149},"16":{"name":"(anonymous_16)","decl":{"start":{"line":151,"column":30},"end":{"line":151,"column":31}},"loc":{"start":{"line":151,"column":38},"end":{"line":158,"column":5}},"line":151},"17":{"name":"(anonymous_17)","decl":{"start":{"line":155,"column":47},"end":{"line":155,"column":48}},"loc":{"start":{"line":155,"column":54},"end":{"line":157,"column":6}},"line":155},"18":{"name":"(anonymous_18)","decl":{"start":{"line":175,"column":1},"end":{"line":175,"column":2}},"loc":{"start":{"line":175,"column":69},"end":{"line":186,"column":2}},"line":175},"19":{"name":"(anonymous_19)","decl":{"start":{"line":177,"column":15},"end":{"line":177,"column":16}},"loc":{"start":{"line":177,"column":23},"end":{"line":183,"column":3}},"line":177},"20":{"name":"(anonymous_20)","decl":{"start":{"line":192,"column":1},"end":{"line":192,"column":2}},"loc":{"start":{"line":192,"column":15},"end":{"line":194,"column":2}},"line":192}},"branchMap":{"0":{"loc":{"start":{"line":14,"column":25},"end":{"line":14,"column":53}},"type":"binary-expr","locations":[{"start":{"line":14,"column":25},"end":{"line":14,"column":38}},{"start":{"line":14,"column":42},"end":{"line":14,"column":53}}],"line":14},"1":{"loc":{"start":{"line":17,"column":16},"end":{"line":17,"column":83}},"type":"cond-expr","locations":[{"start":{"line":17,"column":23},"end":{"line":17,"column":76}},{"start":{"line":17,"column":79},"end":{"line":17,"column":83}}],"line":17},"2":{"loc":{"start":{"line":18,"column":2},"end":{"line":18,"column":40}},"type":"binary-expr","locations":[{"start":{"line":18,"column":2},"end":{"line":18,"column":6}},{"start":{"line":18,"column":10},"end":{"line":18,"column":40}}],"line":18},"3":{"loc":{"start":{"line":41,"column":3},"end":{"line":41,"column":31}},"type":"binary-expr","locations":[{"start":{"line":41,"column":3},"end":{"line":41,"column":10}},{"start":{"line":41,"column":14},"end":{"line":41,"column":31}}],"line":41},"4":{"loc":{"start":{"line":43,"column":3},"end":{"line":47,"column":4}},"type":"if","locations":[{"start":{"line":43,"column":3},"end":{"line":47,"column":4}},{"start":{"line":43,"column":3},"end":{"line":47,"column":4}}],"line":43},"5":{"loc":{"start":{"line":49,"column":3},"end":{"line":49,"column":32}},"type":"binary-expr","locations":[{"start":{"line":49,"column":3},"end":{"line":49,"column":11}},{"start":{"line":49,"column":15},"end":{"line":49,"column":32}}],"line":49},"6":{"loc":{"start":{"line":66,"column":8},"end":{"line":66,"column":40}},"type":"binary-expr","locations":[{"start":{"line":66,"column":8},"end":{"line":66,"column":19}},{"start":{"line":66,"column":23},"end":{"line":66,"column":40}}],"line":66},"7":{"loc":{"start":{"line":67,"column":3},"end":{"line":71,"column":4}},"type":"if","locations":[{"start":{"line":67,"column":3},"end":{"line":71,"column":4}},{"start":{"line":67,"column":3},"end":{"line":71,"column":4}}],"line":67},"8":{"loc":{"start":{"line":82,"column":2},"end":{"line":90,"column":3}},"type":"switch","locations":[{"start":{"line":83,"column":3},"end":{"line":84,"column":30}},{"start":{"line":85,"column":3},"end":{"line":86,"column":28}},{"start":{"line":87,"column":3},"end":{"line":89,"column":15}}],"line":82},"9":{"loc":{"start":{"line":109,"column":2},"end":{"line":112,"column":4}},"type":"binary-expr","locations":[{"start":{"line":109,"column":2},"end":{"line":109,"column":15}},{"start":{"line":109,"column":19},"end":{"line":112,"column":4}}],"line":109},"10":{"loc":{"start":{"line":121,"column":19},"end":{"line":121,"column":38}},"type":"default-arg","locations":[{"start":{"line":121,"column":33},"end":{"line":121,"column":38}}],"line":121},"11":{"loc":{"start":{"line":122,"column":2},"end":{"line":122,"column":74}},"type":"if","locations":[{"start":{"line":122,"column":2},"end":{"line":122,"column":74}},{"start":{"line":122,"column":2},"end":{"line":122,"column":74}}],"line":122},"12":{"loc":{"start":{"line":124,"column":2},"end":{"line":133,"column":3}},"type":"if","locations":[{"start":{"line":124,"column":2},"end":{"line":133,"column":3}},{"start":{"line":124,"column":2},"end":{"line":133,"column":3}}],"line":124},"13":{"loc":{"start":{"line":125,"column":3},"end":{"line":125,"column":105}},"type":"if","locations":[{"start":{"line":125,"column":3},"end":{"line":125,"column":105}},{"start":{"line":125,"column":3},"end":{"line":125,"column":105}}],"line":125},"14":{"loc":{"start":{"line":141,"column":2},"end":{"line":145,"column":3}},"type":"if","locations":[{"start":{"line":141,"column":2},"end":{"line":145,"column":3}},{"start":{"line":141,"column":2},"end":{"line":145,"column":3}}],"line":141},"15":{"loc":{"start":{"line":149,"column":29},"end":{"line":149,"column":40}},"type":"default-arg","locations":[{"start":{"line":149,"column":38},"end":{"line":149,"column":40}}],"line":149},"16":{"loc":{"start":{"line":152,"column":5},"end":{"line":154,"column":6}},"type":"if","locations":[{"start":{"line":152,"column":5},"end":{"line":154,"column":6}},{"start":{"line":152,"column":5},"end":{"line":154,"column":6}}],"line":152},"17":{"loc":{"start":{"line":155,"column":5},"end":{"line":157,"column":7}},"type":"binary-expr","locations":[{"start":{"line":155,"column":5},"end":{"line":155,"column":15}},{"start":{"line":155,"column":19},"end":{"line":157,"column":7}}],"line":155},"18":{"loc":{"start":{"line":175,"column":29},"end":{"line":175,"column":48}},"type":"default-arg","locations":[{"start":{"line":175,"column":44},"end":{"line":175,"column":48}}],"line":175},"19":{"loc":{"start":{"line":175,"column":50},"end":{"line":175,"column":67}},"type":"default-arg","locations":[{"start":{"line":175,"column":62},"end":{"line":175,"column":67}}],"line":175},"20":{"loc":{"start":{"line":178,"column":3},"end":{"line":181,"column":4}},"type":"if","locations":[{"start":{"line":178,"column":3},"end":{"line":181,"column":4}},{"start":{"line":178,"column":3},"end":{"line":181,"column":4}}],"line":178},"21":{"loc":{"start":{"line":184,"column":20},"end":{"line":184,"column":46}},"type":"cond-expr","locations":[{"start":{"line":184,"column":35},"end":{"line":184,"column":39}},{"start":{"line":184,"column":42},"end":{"line":184,"column":46}}],"line":184},"22":{"loc":{"start":{"line":193,"column":9},"end":{"line":193,"column":64}},"type":"binary-expr","locations":[{"start":{"line":193,"column":9},"end":{"line":193,"column":29}},{"start":{"line":193,"column":33},"end":{"line":193,"column":64}}],"line":193}},"s":{"0":1,"1":8,"2":8,"3":8,"4":8,"5":11,"6":1,"7":0,"8":2,"9":9,"10":9,"11":9,"12":9,"13":9,"14":7,"15":9,"16":2,"17":0,"18":0,"19":0,"20":0,"21":0,"22":0,"23":0,"24":0,"25":0,"26":0,"27":2,"28":0,"29":2,"30":0,"31":0,"32":2,"33":19,"34":13,"35":13,"36":2,"37":0,"38":2,"39":0,"40":0,"41":0,"42":0,"43":0,"44":0,"45":2,"46":2,"47":2,"48":1,"49":1,"50":0,"51":0,"52":0,"53":0,"54":0,"55":0,"56":0,"57":0,"58":0,"59":0,"60":0,"61":2,"62":2,"63":9,"64":3,"65":3,"66":6,"67":2,"68":2,"69":1},"f":{"0":8,"1":11,"2":1,"3":0,"4":2,"5":9,"6":0,"7":2,"8":2,"9":19,"10":13,"11":2,"12":0,"13":1,"14":0,"15":0,"16":0,"17":0,"18":2,"19":9,"20":1},"b":{"0":[8,8],"1":[6,2],"2":[8,6],"3":[9,0],"4":[9,0],"5":[9,9],"6":[0,0],"7":[0,0],"8":[0,2,0],"9":[19,9],"10":[2],"11":[0,2],"12":[0,2],"13":[0,0],"14":[1,0],"15":[0],"16":[0,0],"17":[0,0],"18":[2],"19":[2],"20":[3,6],"21":[2,0],"22":[1,1]},"_coverageSchema":"43e27e138ebf9cfc5966b082cf9a028302ed4184","hash":"47bf09313cc660c8cc3baf76c58db7883d0cc3cb"}
,"/home/ieromanov/projects/tree/src/index.js": {"path":"/home/ieromanov/projects/tree/src/index.js","statementMap":{"0":{"start":{"line":3,"column":0},"end":{"line":3,"column":18}}},"fnMap":{},"branchMap":{},"s":{"0":1},"f":{},"b":{},"_coverageSchema":"43e27e138ebf9cfc5966b082cf9a028302ed4184","hash":"9e0713ad27e6f615709bd6f3f37201193a4f560e"}
,"/home/ieromanov/projects/tree/src/helpers/UUID.js": {"path":"/home/ieromanov/projects/tree/src/helpers/UUID.js","statementMap":{"0":{"start":{"line":3,"column":2},"end":{"line":3,"column":17}},"1":{"start":{"line":5,"column":2},"end":{"line":5,"column":38}},"2":{"start":{"line":6,"column":2},"end":{"line":6,"column":38}},"3":{"start":{"line":12,"column":2},"end":{"line":14,"column":28}},"4":{"start":{"line":13,"column":3},"end":{"line":13,"column":25}},"5":{"start":{"line":16,"column":2},"end":{"line":16,"column":13}},"6":{"start":{"line":20,"column":2},"end":{"line":25,"column":3}},"7":{"start":{"line":21,"column":3},"end":{"line":21,"column":14}},"8":{"start":{"line":23,"column":3},"end":{"line":23,"column":24}},"9":{"start":{"line":24,"column":3},"end":{"line":24,"column":15}},"10":{"start":{"line":29,"column":2},"end":{"line":33,"column":4}},"11":{"start":{"line":30,"column":11},"end":{"line":30,"column":35}},"12":{"start":{"line":31,"column":8},"end":{"line":31,"column":38}},"13":{"start":{"line":32,"column":3},"end":{"line":32,"column":24}}},"fnMap":{"0":{"name":"(anonymous_0)","decl":{"start":{"line":2,"column":1},"end":{"line":2,"column":2}},"loc":{"start":{"line":2,"column":15},"end":{"line":7,"column":2}},"line":2},"1":{"name":"(anonymous_1)","decl":{"start":{"line":9,"column":1},"end":{"line":9,"column":2}},"loc":{"start":{"line":9,"column":10},"end":{"line":17,"column":2}},"line":9},"2":{"name":"(anonymous_2)","decl":{"start":{"line":19,"column":1},"end":{"line":19,"column":2}},"loc":{"start":{"line":19,"column":14},"end":{"line":26,"column":2}},"line":19},"3":{"name":"(anonymous_3)","decl":{"start":{"line":28,"column":1},"end":{"line":28,"column":2}},"loc":{"start":{"line":28,"column":12},"end":{"line":34,"column":2}},"line":28},"4":{"name":"(anonymous_4)","decl":{"start":{"line":29,"column":65},"end":{"line":29,"column":66}},"loc":{"start":{"line":29,"column":77},"end":{"line":33,"column":3}},"line":29}},"branchMap":{"0":{"loc":{"start":{"line":20,"column":2},"end":{"line":25,"column":3}},"type":"if","locations":[{"start":{"line":20,"column":2},"end":{"line":25,"column":3}},{"start":{"line":20,"column":2},"end":{"line":25,"column":3}}],"line":20},"1":{"loc":{"start":{"line":31,"column":8},"end":{"line":31,"column":38}},"type":"cond-expr","locations":[{"start":{"line":31,"column":19},"end":{"line":31,"column":20}},{"start":{"line":31,"column":23},"end":{"line":31,"column":38}}],"line":31}},"s":{"0":3,"1":3,"2":3,"3":31,"4":31,"5":31,"6":31,"7":0,"8":31,"9":31,"10":31,"11":961,"12":961,"13":961},"f":{"0":3,"1":31,"2":31,"3":31,"4":961},"b":{"0":[0,31],"1":[930,31]},"_coverageSchema":"43e27e138ebf9cfc5966b082cf9a028302ed4184","hash":"6e0cad48f6759d10df60f671b27e72496db0337d"}
,"/home/ieromanov/projects/tree/src/helpers/checkTypes.js": {"path":"/home/ieromanov/projects/tree/src/helpers/checkTypes.js","statementMap":{"0":{"start":{"line":1,"column":24},"end":{"line":1,"column":73}},"1":{"start":{"line":1,"column":29},"end":{"line":1,"column":73}},"2":{"start":{"line":3,"column":24},"end":{"line":3,"column":65}},"3":{"start":{"line":3,"column":29},"end":{"line":3,"column":65}},"4":{"start":{"line":5,"column":23},"end":{"line":5,"column":81}},"5":{"start":{"line":5,"column":28},"end":{"line":5,"column":81}},"6":{"start":{"line":7,"column":24},"end":{"line":7,"column":83}},"7":{"start":{"line":7,"column":29},"end":{"line":7,"column":83}},"8":{"start":{"line":9,"column":26},"end":{"line":9,"column":54}},"9":{"start":{"line":9,"column":31},"end":{"line":9,"column":54}},"10":{"start":{"line":11,"column":22},"end":{"line":11,"column":37}},"11":{"start":{"line":11,"column":27},"end":{"line":11,"column":37}},"12":{"start":{"line":13,"column":27},"end":{"line":13,"column":56}},"13":{"start":{"line":13,"column":32},"end":{"line":13,"column":56}},"14":{"start":{"line":15,"column":25},"end":{"line":15,"column":52}},"15":{"start":{"line":15,"column":30},"end":{"line":15,"column":52}},"16":{"start":{"line":17,"column":24},"end":{"line":17,"column":83}},"17":{"start":{"line":17,"column":29},"end":{"line":17,"column":83}},"18":{"start":{"line":19,"column":22},"end":{"line":19,"column":44}},"19":{"start":{"line":19,"column":27},"end":{"line":19,"column":44}},"20":{"start":{"line":21,"column":24},"end":{"line":21,"column":50}},"21":{"start":{"line":21,"column":29},"end":{"line":21,"column":50}}},"fnMap":{"0":{"name":"(anonymous_0)","decl":{"start":{"line":1,"column":24},"end":{"line":1,"column":25}},"loc":{"start":{"line":1,"column":29},"end":{"line":1,"column":73}},"line":1},"1":{"name":"(anonymous_1)","decl":{"start":{"line":3,"column":24},"end":{"line":3,"column":25}},"loc":{"start":{"line":3,"column":29},"end":{"line":3,"column":65}},"line":3},"2":{"name":"(anonymous_2)","decl":{"start":{"line":5,"column":23},"end":{"line":5,"column":24}},"loc":{"start":{"line":5,"column":28},"end":{"line":5,"column":81}},"line":5},"3":{"name":"(anonymous_3)","decl":{"start":{"line":7,"column":24},"end":{"line":7,"column":25}},"loc":{"start":{"line":7,"column":29},"end":{"line":7,"column":83}},"line":7},"4":{"name":"(anonymous_4)","decl":{"start":{"line":9,"column":26},"end":{"line":9,"column":27}},"loc":{"start":{"line":9,"column":31},"end":{"line":9,"column":54}},"line":9},"5":{"name":"(anonymous_5)","decl":{"start":{"line":11,"column":22},"end":{"line":11,"column":23}},"loc":{"start":{"line":11,"column":27},"end":{"line":11,"column":37}},"line":11},"6":{"name":"(anonymous_6)","decl":{"start":{"line":13,"column":27},"end":{"line":13,"column":28}},"loc":{"start":{"line":13,"column":32},"end":{"line":13,"column":56}},"line":13},"7":{"name":"(anonymous_7)","decl":{"start":{"line":15,"column":25},"end":{"line":15,"column":26}},"loc":{"start":{"line":15,"column":30},"end":{"line":15,"column":52}},"line":15},"8":{"name":"(anonymous_8)","decl":{"start":{"line":17,"column":24},"end":{"line":17,"column":25}},"loc":{"start":{"line":17,"column":29},"end":{"line":17,"column":83}},"line":17},"9":{"name":"(anonymous_9)","decl":{"start":{"line":19,"column":22},"end":{"line":19,"column":23}},"loc":{"start":{"line":19,"column":27},"end":{"line":19,"column":44}},"line":19},"10":{"name":"(anonymous_10)","decl":{"start":{"line":21,"column":24},"end":{"line":21,"column":25}},"loc":{"start":{"line":21,"column":29},"end":{"line":21,"column":50}},"line":21}},"branchMap":{"0":{"loc":{"start":{"line":1,"column":29},"end":{"line":1,"column":73}},"type":"binary-expr","locations":[{"start":{"line":1,"column":29},"end":{"line":1,"column":50}},{"start":{"line":1,"column":54},"end":{"line":1,"column":73}}],"line":1},"1":{"loc":{"start":{"line":3,"column":29},"end":{"line":3,"column":65}},"type":"binary-expr","locations":[{"start":{"line":3,"column":29},"end":{"line":3,"column":50}},{"start":{"line":3,"column":54},"end":{"line":3,"column":65}}],"line":3},"2":{"loc":{"start":{"line":5,"column":28},"end":{"line":5,"column":81}},"type":"binary-expr","locations":[{"start":{"line":5,"column":28},"end":{"line":5,"column":29}},{"start":{"line":5,"column":33},"end":{"line":5,"column":54}},{"start":{"line":5,"column":58},"end":{"line":5,"column":81}}],"line":5},"3":{"loc":{"start":{"line":7,"column":29},"end":{"line":7,"column":83}},"type":"binary-expr","locations":[{"start":{"line":7,"column":29},"end":{"line":7,"column":30}},{"start":{"line":7,"column":34},"end":{"line":7,"column":55}},{"start":{"line":7,"column":59},"end":{"line":7,"column":83}}],"line":7},"4":{"loc":{"start":{"line":17,"column":29},"end":{"line":17,"column":83}},"type":"binary-expr","locations":[{"start":{"line":17,"column":29},"end":{"line":17,"column":30}},{"start":{"line":17,"column":34},"end":{"line":17,"column":55}},{"start":{"line":17,"column":59},"end":{"line":17,"column":83}}],"line":17}},"s":{"0":3,"1":10,"2":3,"3":10,"4":3,"5":27,"6":3,"7":34,"8":3,"9":11,"10":3,"11":10,"12":3,"13":10,"14":3,"15":11,"16":3,"17":10,"18":3,"19":10,"20":3,"21":0},"f":{"0":10,"1":10,"2":27,"3":34,"4":11,"5":10,"6":10,"7":11,"8":10,"9":10,"10":0},"b":{"0":[10,9],"1":[10,2],"2":[27,24,20],"3":[34,31,18],"4":[10,7,4]},"_coverageSchema":"43e27e138ebf9cfc5966b082cf9a028302ed4184","hash":"7c9c9a56f2bed082acfd953206baa59e5a35c0bc"}
,"/home/ieromanov/projects/tree/src/helpers/index.js": {"path":"/home/ieromanov/projects/tree/src/helpers/index.js","statementMap":{},"fnMap":{},"branchMap":{},"s":{},"f":{},"b":{},"_coverageSchema":"43e27e138ebf9cfc5966b082cf9a028302ed4184","hash":"b0625a336bb68d365dabc1d1c2b3fe5788e7d317"}
}
