TN:
SF:/home/ieromanov/projects/tree/src/Node.js
FN:12,(anonymous_0)
FN:27,(anonymous_1)
FN:30,(anonymous_2)
FN:33,(anonymous_3)
FN:36,(anonymous_4)
FN:40,(anonymous_5)
FN:50,(anonymous_6)
FN:57,(anonymous_7)
FN:70,(anonymous_8)
FN:78,(anonymous_9)
FN:80,(anonymous_10)
FN:87,(anonymous_11)
FN:88,(anonymous_12)
FNF:13
FNH:6
FNDA:22,(anonymous_0)
FNDA:36,(anonymous_1)
FNDA:0,(anonymous_2)
FNDA:0,(anonymous_3)
FNDA:0,(anonymous_4)
FNDA:0,(anonymous_5)
FNDA:0,(anonymous_6)
FNDA:22,(anonymous_7)
FNDA:15,(anonymous_8)
FNDA:1,(anonymous_9)
FNDA:1,(anonymous_10)
FNDA:0,(anonymous_11)
FNDA:0,(anonymous_12)
DA:13,22
DA:14,22
DA:15,22
DA:16,22
DA:17,22
DA:18,22
DA:20,22
DA:22,22
DA:23,22
DA:24,22
DA:28,36
DA:31,0
DA:34,0
DA:37,0
DA:41,0
DA:42,0
DA:43,0
DA:44,0
DA:47,0
DA:51,0
DA:52,0
DA:53,0
DA:58,22
DA:59,13
DA:60,25
DA:61,16
DA:65,9
DA:71,15
DA:75,15
DA:79,1
DA:80,1
DA:82,0
DA:88,0
LF:33
LH:20
BRDA:13,0,0,0
BRDA:13,0,1,22
BRDA:13,1,0,22
BRDA:13,1,1,15
BRDA:16,2,0,22
BRDA:16,2,1,7
BRDA:17,3,0,15
BRDA:17,3,1,7
BRDA:31,4,0,0
BRDA:31,4,1,0
BRDA:31,4,2,0
BRDA:43,5,0,0
BRDA:43,5,1,0
BRDA:51,6,0,0
BRDA:51,6,1,0
BRDA:52,7,0,0
BRDA:52,7,1,0
BRDA:58,8,0,13
BRDA:58,8,1,9
BRDA:60,9,0,16
BRDA:60,9,1,9
BRDA:71,10,0,0
BRDA:71,10,1,15
BRDA:71,11,0,15
BRDA:71,11,1,0
BRDA:73,12,0,15
BRDA:73,12,1,15
BRDA:79,13,0,1
BRDA:79,13,1,0
BRDA:88,14,0,0
BRDA:88,14,1,0
BRF:31
BRH:16
end_of_record
TN:
SF:/home/ieromanov/projects/tree/src/Queue.js
FN:3,(anonymous_0)
FN:6,(anonymous_1)
FN:9,(anonymous_2)
FNF:3
FNH:0
FNDA:0,(anonymous_0)
FNDA:0,(anonymous_1)
FNDA:0,(anonymous_2)
DA:4,0
DA:7,0
DA:10,0
LF:3
LH:0
BRDA:10,0,0,0
BRDA:10,0,1,0
BRF:2
BRH:0
end_of_record
TN:
SF:/home/ieromanov/projects/tree/src/Tree.js
FN:13,(anonymous_0)
FN:21,(anonymous_1)
FN:25,(anonymous_2)
FN:29,(anonymous_3)
FN:39,(anonymous_4)
FN:40,(anonymous_5)
FN:60,(anonymous_6)
FN:81,(anonymous_7)
FN:99,(anonymous_8)
FN:108,(anonymous_9)
FN:109,(anonymous_10)
FN:121,(anonymous_11)
FN:126,(anonymous_12)
FN:140,(anonymous_13)
FN:148,(anonymous_14)
FN:149,(anonymous_15)
FN:151,(anonymous_16)
FN:155,(anonymous_17)
FN:175,(anonymous_18)
FN:177,(anonymous_19)
FN:192,(anonymous_20)
FNF:21
FNH:14
FNDA:8,(anonymous_0)
FNDA:11,(anonymous_1)
FNDA:1,(anonymous_2)
FNDA:0,(anonymous_3)
FNDA:2,(anonymous_4)
FNDA:9,(anonymous_5)
FNDA:0,(anonymous_6)
FNDA:2,(anonymous_7)
FNDA:2,(anonymous_8)
FNDA:19,(anonymous_9)
FNDA:13,(anonymous_10)
FNDA:2,(anonymous_11)
FNDA:0,(anonymous_12)
FNDA:1,(anonymous_13)
FNDA:0,(anonymous_14)
FNDA:0,(anonymous_15)
FNDA:0,(anonymous_16)
FNDA:0,(anonymous_17)
FNDA:2,(anonymous_18)
FNDA:9,(anonymous_19)
FNDA:1,(anonymous_20)
DA:5,1
DA:14,8
DA:15,8
DA:17,8
DA:18,8
DA:22,11
DA:26,1
DA:30,0
DA:40,2
DA:41,9
DA:43,9
DA:44,9
DA:45,7
DA:49,9
DA:51,2
DA:61,0
DA:63,0
DA:64,0
DA:66,0
DA:67,0
DA:68,0
DA:69,0
DA:73,0
DA:82,2
DA:84,0
DA:86,2
DA:88,0
DA:89,0
DA:100,2
DA:109,19
DA:110,13
DA:111,13
DA:122,2
DA:124,2
DA:125,0
DA:126,0
DA:127,0
DA:128,0
DA:130,2
DA:131,2
DA:132,2
DA:141,1
DA:142,1
DA:144,0
DA:149,0
DA:150,0
DA:151,0
DA:152,0
DA:153,0
DA:155,0
DA:156,0
DA:159,0
DA:161,0
DA:165,0
DA:176,2
DA:177,2
DA:178,9
DA:179,3
DA:180,3
DA:182,6
DA:184,2
DA:185,2
DA:193,1
LF:63
LH:36
BRDA:14,0,0,8
BRDA:14,0,1,8
BRDA:17,1,0,6
BRDA:17,1,1,2
BRDA:18,2,0,8
BRDA:18,2,1,6
BRDA:41,3,0,9
BRDA:41,3,1,0
BRDA:43,4,0,9
BRDA:43,4,1,0
BRDA:49,5,0,9
BRDA:49,5,1,9
BRDA:66,6,0,0
BRDA:66,6,1,0
BRDA:67,7,0,0
BRDA:67,7,1,0
BRDA:82,8,0,0
BRDA:82,8,1,2
BRDA:82,8,2,0
BRDA:109,9,0,19
BRDA:109,9,1,9
BRDA:121,10,0,2
BRDA:122,11,0,0
BRDA:122,11,1,2
BRDA:124,12,0,0
BRDA:124,12,1,2
BRDA:125,13,0,0
BRDA:125,13,1,0
BRDA:141,14,0,1
BRDA:141,14,1,0
BRDA:149,15,0,0
BRDA:152,16,0,0
BRDA:152,16,1,0
BRDA:155,17,0,0
BRDA:155,17,1,0
BRDA:175,18,0,2
BRDA:175,19,0,2
BRDA:178,20,0,3
BRDA:178,20,1,6
BRDA:184,21,0,2
BRDA:184,21,1,0
BRDA:193,22,0,1
BRDA:193,22,1,1
BRF:43
BRH:24
end_of_record
TN:
SF:/home/ieromanov/projects/tree/src/index.js
FNF:0
FNH:0
DA:3,1
LF:1
LH:1
BRF:0
BRH:0
end_of_record
TN:
SF:/home/ieromanov/projects/tree/src/helpers/UUID.js
FN:2,(anonymous_0)
FN:9,(anonymous_1)
FN:19,(anonymous_2)
FN:28,(anonymous_3)
FN:29,(anonymous_4)
FNF:5
FNH:5
FNDA:3,(anonymous_0)
FNDA:31,(anonymous_1)
FNDA:31,(anonymous_2)
FNDA:31,(anonymous_3)
FNDA:961,(anonymous_4)
DA:3,3
DA:5,3
DA:6,3
DA:12,31
DA:13,31
DA:16,31
DA:20,31
DA:21,0
DA:23,31
DA:24,31
DA:29,31
DA:30,961
DA:31,961
DA:32,961
LF:14
LH:13
BRDA:20,0,0,0
BRDA:20,0,1,31
BRDA:31,1,0,930
BRDA:31,1,1,31
BRF:4
BRH:3
end_of_record
TN:
SF:/home/ieromanov/projects/tree/src/helpers/checkTypes.js
FN:1,(anonymous_0)
FN:3,(anonymous_1)
FN:5,(anonymous_2)
FN:7,(anonymous_3)
FN:9,(anonymous_4)
FN:11,(anonymous_5)
FN:13,(anonymous_6)
FN:15,(anonymous_7)
FN:17,(anonymous_8)
FN:19,(anonymous_9)
FN:21,(anonymous_10)
FNF:11
FNH:10
FNDA:10,(anonymous_0)
FNDA:10,(anonymous_1)
FNDA:27,(anonymous_2)
FNDA:34,(anonymous_3)
FNDA:11,(anonymous_4)
FNDA:10,(anonymous_5)
FNDA:10,(anonymous_6)
FNDA:11,(anonymous_7)
FNDA:10,(anonymous_8)
FNDA:10,(anonymous_9)
FNDA:0,(anonymous_10)
DA:1,10
DA:3,10
DA:5,27
DA:7,34
DA:9,11
DA:11,10
DA:13,10
DA:15,11
DA:17,10
DA:19,10
DA:21,3
LF:11
LH:11
BRDA:1,0,0,10
BRDA:1,0,1,9
BRDA:3,1,0,10
BRDA:3,1,1,2
BRDA:5,2,0,27
BRDA:5,2,1,24
BRDA:5,2,2,20
BRDA:7,3,0,34
BRDA:7,3,1,31
BRDA:7,3,2,18
BRDA:17,4,0,10
BRDA:17,4,1,7
BRDA:17,4,2,4
BRF:13
BRH:13
end_of_record
TN:
SF:/home/ieromanov/projects/tree/src/helpers/index.js
FNF:0
FNH:0
LF:0
LH:0
BRF:0
BRH:0
end_of_record
